{"/Users/brianseo/Bullet Journal/cse110-sp21-group3/source/src/SumNums.js": {"path":"/Users/brianseo/Bullet Journal/cse110-sp21-group3/source/src/SumNums.js","statementMap":{"0":{"start":{"line":2,"column":12},"end":{"line":2,"column":13}},"1":{"start":{"line":3,"column":2},"end":{"line":5,"column":5}},"2":{"start":{"line":4,"column":4},"end":{"line":4,"column":15}},"3":{"start":{"line":6,"column":2},"end":{"line":6,"column":13}},"4":{"start":{"line":9,"column":0},"end":{"line":9,"column":25}}},"fnMap":{"0":{"name":"sumNums","decl":{"start":{"line":1,"column":9},"end":{"line":1,"column":16}},"loc":{"start":{"line":1,"column":24},"end":{"line":7,"column":1}},"line":1},"1":{"name":"(anonymous_1)","decl":{"start":{"line":3,"column":16},"end":{"line":3,"column":17}},"loc":{"start":{"line":3,"column":25},"end":{"line":5,"column":3}},"line":3}},"branchMap":{},"s":{"0":2,"1":2,"2":4,"3":2,"4":1},"f":{"0":2,"1":4},"b":{},"_coverageSchema":"1a1c01bbd47fc00a2c39e90264f33305004495a9","hash":"848e6e5e34ad9d427e1e388594199f0be23e010c"}
,"/Users/brianseo/Bullet Journal/cse110-sp21-group3/source/src/components/TextEditor/BulletList.js": {"path":"/Users/brianseo/Bullet Journal/cse110-sp21-group3/source/src/components/TextEditor/BulletList.js","statementMap":{"0":{"start":{"line":6,"column":27},"end":{"line":6,"column":28}},"1":{"start":{"line":9,"column":4},"end":{"line":9,"column":12}},"2":{"start":{"line":10,"column":4},"end":{"line":10,"column":26}},"3":{"start":{"line":11,"column":4},"end":{"line":11,"column":27}},"4":{"start":{"line":12,"column":4},"end":{"line":12,"column":28}},"5":{"start":{"line":13,"column":4},"end":{"line":17,"column":6}},"6":{"start":{"line":19,"column":4},"end":{"line":24,"column":6}},"7":{"start":{"line":27,"column":4},"end":{"line":30,"column":6}},"8":{"start":{"line":28,"column":6},"end":{"line":28,"column":29}},"9":{"start":{"line":29,"column":6},"end":{"line":29,"column":35}},"10":{"start":{"line":32,"column":4},"end":{"line":49,"column":6}},"11":{"start":{"line":33,"column":23},"end":{"line":33,"column":54}},"12":{"start":{"line":36,"column":6},"end":{"line":37,"column":86}},"13":{"start":{"line":36,"column":29},"end":{"line":36,"column":86}},"14":{"start":{"line":37,"column":11},"end":{"line":37,"column":86}},"15":{"start":{"line":39,"column":30},"end":{"line":39,"column":63}},"16":{"start":{"line":41,"column":6},"end":{"line":46,"column":7}},"17":{"start":{"line":42,"column":8},"end":{"line":43,"column":92}},"18":{"start":{"line":42,"column":35},"end":{"line":42,"column":82}},"19":{"start":{"line":43,"column":13},"end":{"line":43,"column":92}},"20":{"start":{"line":45,"column":8},"end":{"line":45,"column":57}},"21":{"start":{"line":47,"column":6},"end":{"line":47,"column":45}},"22":{"start":{"line":47,"column":33},"end":{"line":47,"column":45}},"23":{"start":{"line":48,"column":6},"end":{"line":48,"column":56}},"24":{"start":{"line":50,"column":4},"end":{"line":117,"column":6}},"25":{"start":{"line":51,"column":22},"end":{"line":51,"column":75}},"26":{"start":{"line":55,"column":8},"end":{"line":55,"column":71}},"27":{"start":{"line":57,"column":25},"end":{"line":57,"column":56}},"28":{"start":{"line":59,"column":29},"end":{"line":59,"column":31}},"29":{"start":{"line":60,"column":8},"end":{"line":61,"column":87}},"30":{"start":{"line":60,"column":31},"end":{"line":60,"column":87}},"31":{"start":{"line":61,"column":13},"end":{"line":61,"column":87}},"32":{"start":{"line":63,"column":28},"end":{"line":63,"column":60}},"33":{"start":{"line":64,"column":8},"end":{"line":64,"column":70}},"34":{"start":{"line":66,"column":8},"end":{"line":66,"column":69}},"35":{"start":{"line":67,"column":8},"end":{"line":67,"column":61}},"36":{"start":{"line":70,"column":8},"end":{"line":75,"column":9}},"37":{"start":{"line":74,"column":10},"end":{"line":74,"column":23}},"38":{"start":{"line":76,"column":8},"end":{"line":76,"column":44}},"39":{"start":{"line":78,"column":25},"end":{"line":78,"column":56}},"40":{"start":{"line":79,"column":29},"end":{"line":79,"column":31}},"41":{"start":{"line":80,"column":8},"end":{"line":81,"column":87}},"42":{"start":{"line":80,"column":31},"end":{"line":80,"column":87}},"43":{"start":{"line":81,"column":13},"end":{"line":81,"column":87}},"44":{"start":{"line":82,"column":28},"end":{"line":82,"column":60}},"45":{"start":{"line":83,"column":8},"end":{"line":85,"column":9}},"46":{"start":{"line":84,"column":10},"end":{"line":84,"column":48}},"47":{"start":{"line":87,"column":8},"end":{"line":87,"column":54}},"48":{"start":{"line":88,"column":8},"end":{"line":88,"column":47}},"49":{"start":{"line":89,"column":8},"end":{"line":89,"column":20}},"50":{"start":{"line":92,"column":8},"end":{"line":92,"column":78}},"51":{"start":{"line":95,"column":28},"end":{"line":95,"column":59}},"52":{"start":{"line":98,"column":8},"end":{"line":99,"column":90}},"53":{"start":{"line":98,"column":34},"end":{"line":98,"column":90}},"54":{"start":{"line":99,"column":13},"end":{"line":99,"column":90}},"55":{"start":{"line":100,"column":22},"end":{"line":100,"column":54}},"56":{"start":{"line":101,"column":8},"end":{"line":101,"column":58}},"57":{"start":{"line":101,"column":26},"end":{"line":101,"column":58}},"58":{"start":{"line":104,"column":8},"end":{"line":112,"column":9}},"59":{"start":{"line":105,"column":10},"end":{"line":105,"column":85}},"60":{"start":{"line":108,"column":10},"end":{"line":109,"column":95}},"61":{"start":{"line":108,"column":36},"end":{"line":108,"column":95}},"62":{"start":{"line":109,"column":15},"end":{"line":109,"column":95}},"63":{"start":{"line":110,"column":33},"end":{"line":110,"column":71}},"64":{"start":{"line":111,"column":10},"end":{"line":111,"column":68}},"65":{"start":{"line":115,"column":8},"end":{"line":115,"column":54}},"66":{"start":{"line":132,"column":4},"end":{"line":132,"column":94}},"67":{"start":{"line":132,"column":42},"end":{"line":132,"column":93}},"68":{"start":{"line":133,"column":4},"end":{"line":133,"column":52}},"69":{"start":{"line":134,"column":4},"end":{"line":134,"column":52}},"70":{"start":{"line":135,"column":4},"end":{"line":135,"column":50}},"71":{"start":{"line":136,"column":4},"end":{"line":136,"column":93}},"72":{"start":{"line":136,"column":43},"end":{"line":136,"column":93}},"73":{"start":{"line":138,"column":4},"end":{"line":138,"column":55}},"74":{"start":{"line":139,"column":4},"end":{"line":139,"column":45}},"75":{"start":{"line":143,"column":4},"end":{"line":143,"column":30}},"76":{"start":{"line":151,"column":4},"end":{"line":151,"column":40}},"77":{"start":{"line":161,"column":4},"end":{"line":161,"column":31}},"78":{"start":{"line":179,"column":22},"end":{"line":179,"column":56}},"79":{"start":{"line":181,"column":4},"end":{"line":181,"column":37}},"80":{"start":{"line":182,"column":4},"end":{"line":182,"column":62}},"81":{"start":{"line":183,"column":28},"end":{"line":183,"column":42}},"82":{"start":{"line":184,"column":4},"end":{"line":218,"column":7}},"83":{"start":{"line":185,"column":23},"end":{"line":185,"column":48}},"84":{"start":{"line":187,"column":6},"end":{"line":187,"column":45}},"85":{"start":{"line":188,"column":29},"end":{"line":188,"column":39}},"86":{"start":{"line":190,"column":6},"end":{"line":217,"column":7}},"87":{"start":{"line":191,"column":23},"end":{"line":191,"column":43}},"88":{"start":{"line":192,"column":27},"end":{"line":192,"column":67}},"89":{"start":{"line":193,"column":8},"end":{"line":202,"column":11}},"90":{"start":{"line":204,"column":8},"end":{"line":209,"column":9}},"91":{"start":{"line":205,"column":10},"end":{"line":205,"column":59}},"92":{"start":{"line":206,"column":10},"end":{"line":206,"column":44}},"93":{"start":{"line":208,"column":10},"end":{"line":208,"column":99}},"94":{"start":{"line":210,"column":8},"end":{"line":210,"column":58}},"95":{"start":{"line":211,"column":25},"end":{"line":211,"column":72}},"96":{"start":{"line":213,"column":8},"end":{"line":216,"column":11}},"97":{"start":{"line":214,"column":10},"end":{"line":214,"column":50}},"98":{"start":{"line":215,"column":10},"end":{"line":215,"column":39}},"99":{"start":{"line":227,"column":25},"end":{"line":227,"column":88}},"100":{"start":{"line":228,"column":4},"end":{"line":228,"column":44}},"101":{"start":{"line":228,"column":28},"end":{"line":228,"column":44}},"102":{"start":{"line":229,"column":4},"end":{"line":231,"column":6}},"103":{"start":{"line":241,"column":4},"end":{"line":241,"column":39}},"104":{"start":{"line":241,"column":27},"end":{"line":241,"column":39}},"105":{"start":{"line":242,"column":4},"end":{"line":245,"column":5}},"106":{"start":{"line":243,"column":23},"end":{"line":243,"column":79}},"107":{"start":{"line":244,"column":6},"end":{"line":244,"column":50}},"108":{"start":{"line":244,"column":31},"end":{"line":244,"column":50}},"109":{"start":{"line":247,"column":21},"end":{"line":247,"column":52}},"110":{"start":{"line":250,"column":4},"end":{"line":251,"column":84}},"111":{"start":{"line":250,"column":27},"end":{"line":250,"column":84}},"112":{"start":{"line":251,"column":9},"end":{"line":251,"column":84}},"113":{"start":{"line":252,"column":28},"end":{"line":252,"column":61}},"114":{"start":{"line":254,"column":4},"end":{"line":256,"column":5}},"115":{"start":{"line":255,"column":6},"end":{"line":255,"column":50}},"116":{"start":{"line":258,"column":4},"end":{"line":258,"column":52}},"117":{"start":{"line":262,"column":0},"end":{"line":262,"column":49}}},"fnMap":{"0":{"name":"(anonymous_0)","decl":{"start":{"line":8,"column":2},"end":{"line":8,"column":3}},"loc":{"start":{"line":8,"column":16},"end":{"line":118,"column":3}},"line":8},"1":{"name":"(anonymous_1)","decl":{"start":{"line":27,"column":26},"end":{"line":27,"column":27}},"loc":{"start":{"line":27,"column":32},"end":{"line":30,"column":5}},"line":27},"2":{"name":"(anonymous_2)","decl":{"start":{"line":32,"column":29},"end":{"line":32,"column":30}},"loc":{"start":{"line":32,"column":56},"end":{"line":49,"column":5}},"line":32},"3":{"name":"(anonymous_3)","decl":{"start":{"line":51,"column":16},"end":{"line":51,"column":17}},"loc":{"start":{"line":51,"column":22},"end":{"line":51,"column":75}},"line":51},"4":{"name":"(anonymous_4)","decl":{"start":{"line":52,"column":20},"end":{"line":52,"column":21}},"loc":{"start":{"line":52,"column":45},"end":{"line":68,"column":7}},"line":52},"5":{"name":"(anonymous_5)","decl":{"start":{"line":69,"column":20},"end":{"line":69,"column":21}},"loc":{"start":{"line":69,"column":34},"end":{"line":90,"column":7}},"line":69},"6":{"name":"(anonymous_6)","decl":{"start":{"line":91,"column":19},"end":{"line":91,"column":20}},"loc":{"start":{"line":91,"column":54},"end":{"line":93,"column":7}},"line":91},"7":{"name":"(anonymous_7)","decl":{"start":{"line":94,"column":22},"end":{"line":94,"column":23}},"loc":{"start":{"line":94,"column":58},"end":{"line":116,"column":7}},"line":94},"8":{"name":"(anonymous_8)","decl":{"start":{"line":131,"column":2},"end":{"line":131,"column":3}},"loc":{"start":{"line":131,"column":33},"end":{"line":140,"column":3}},"line":131},"9":{"name":"(anonymous_9)","decl":{"start":{"line":132,"column":36},"end":{"line":132,"column":37}},"loc":{"start":{"line":132,"column":42},"end":{"line":132,"column":93}},"line":132},"10":{"name":"(anonymous_10)","decl":{"start":{"line":142,"column":2},"end":{"line":142,"column":3}},"loc":{"start":{"line":142,"column":18},"end":{"line":144,"column":3}},"line":142},"11":{"name":"(anonymous_11)","decl":{"start":{"line":150,"column":2},"end":{"line":150,"column":3}},"loc":{"start":{"line":150,"column":22},"end":{"line":152,"column":3}},"line":150},"12":{"name":"(anonymous_12)","decl":{"start":{"line":160,"column":2},"end":{"line":160,"column":3}},"loc":{"start":{"line":160,"column":20},"end":{"line":162,"column":3}},"line":160},"13":{"name":"(anonymous_13)","decl":{"start":{"line":178,"column":2},"end":{"line":178,"column":3}},"loc":{"start":{"line":178,"column":24},"end":{"line":219,"column":3}},"line":178},"14":{"name":"(anonymous_14)","decl":{"start":{"line":184,"column":28},"end":{"line":184,"column":29}},"loc":{"start":{"line":184,"column":45},"end":{"line":218,"column":5}},"line":184},"15":{"name":"(anonymous_15)","decl":{"start":{"line":213,"column":43},"end":{"line":213,"column":44}},"loc":{"start":{"line":213,"column":56},"end":{"line":216,"column":9}},"line":213},"16":{"name":"(anonymous_16)","decl":{"start":{"line":226,"column":2},"end":{"line":226,"column":3}},"loc":{"start":{"line":226,"column":33},"end":{"line":232,"column":3}},"line":226},"17":{"name":"(anonymous_17)","decl":{"start":{"line":240,"column":2},"end":{"line":240,"column":3}},"loc":{"start":{"line":240,"column":53},"end":{"line":259,"column":3}},"line":240}},"branchMap":{"0":{"loc":{"start":{"line":36,"column":6},"end":{"line":37,"column":86}},"type":"if","locations":[{"start":{"line":36,"column":6},"end":{"line":37,"column":86}},{"start":{"line":36,"column":6},"end":{"line":37,"column":86}}],"line":36},"1":{"loc":{"start":{"line":41,"column":6},"end":{"line":46,"column":7}},"type":"if","locations":[{"start":{"line":41,"column":6},"end":{"line":46,"column":7}},{"start":{"line":41,"column":6},"end":{"line":46,"column":7}}],"line":41},"2":{"loc":{"start":{"line":42,"column":8},"end":{"line":43,"column":92}},"type":"if","locations":[{"start":{"line":42,"column":8},"end":{"line":43,"column":92}},{"start":{"line":42,"column":8},"end":{"line":43,"column":92}}],"line":42},"3":{"loc":{"start":{"line":47,"column":6},"end":{"line":47,"column":45}},"type":"if","locations":[{"start":{"line":47,"column":6},"end":{"line":47,"column":45}},{"start":{"line":47,"column":6},"end":{"line":47,"column":45}}],"line":47},"4":{"loc":{"start":{"line":60,"column":8},"end":{"line":61,"column":87}},"type":"if","locations":[{"start":{"line":60,"column":8},"end":{"line":61,"column":87}},{"start":{"line":60,"column":8},"end":{"line":61,"column":87}}],"line":60},"5":{"loc":{"start":{"line":70,"column":8},"end":{"line":75,"column":9}},"type":"if","locations":[{"start":{"line":70,"column":8},"end":{"line":75,"column":9}},{"start":{"line":70,"column":8},"end":{"line":75,"column":9}}],"line":70},"6":{"loc":{"start":{"line":71,"column":10},"end":{"line":72,"column":65}},"type":"binary-expr","locations":[{"start":{"line":71,"column":10},"end":{"line":71,"column":67}},{"start":{"line":72,"column":14},"end":{"line":72,"column":64}}],"line":71},"7":{"loc":{"start":{"line":80,"column":8},"end":{"line":81,"column":87}},"type":"if","locations":[{"start":{"line":80,"column":8},"end":{"line":81,"column":87}},{"start":{"line":80,"column":8},"end":{"line":81,"column":87}}],"line":80},"8":{"loc":{"start":{"line":83,"column":8},"end":{"line":85,"column":9}},"type":"if","locations":[{"start":{"line":83,"column":8},"end":{"line":85,"column":9}},{"start":{"line":83,"column":8},"end":{"line":85,"column":9}}],"line":83},"9":{"loc":{"start":{"line":98,"column":8},"end":{"line":99,"column":90}},"type":"if","locations":[{"start":{"line":98,"column":8},"end":{"line":99,"column":90}},{"start":{"line":98,"column":8},"end":{"line":99,"column":90}}],"line":98},"10":{"loc":{"start":{"line":101,"column":8},"end":{"line":101,"column":58}},"type":"if","locations":[{"start":{"line":101,"column":8},"end":{"line":101,"column":58}},{"start":{"line":101,"column":8},"end":{"line":101,"column":58}}],"line":101},"11":{"loc":{"start":{"line":104,"column":8},"end":{"line":112,"column":9}},"type":"if","locations":[{"start":{"line":104,"column":8},"end":{"line":112,"column":9}},{"start":{"line":104,"column":8},"end":{"line":112,"column":9}}],"line":104},"12":{"loc":{"start":{"line":108,"column":10},"end":{"line":109,"column":95}},"type":"if","locations":[{"start":{"line":108,"column":10},"end":{"line":109,"column":95}},{"start":{"line":108,"column":10},"end":{"line":109,"column":95}}],"line":108},"13":{"loc":{"start":{"line":136,"column":4},"end":{"line":136,"column":93}},"type":"if","locations":[{"start":{"line":136,"column":4},"end":{"line":136,"column":93}},{"start":{"line":136,"column":4},"end":{"line":136,"column":93}}],"line":136},"14":{"loc":{"start":{"line":204,"column":8},"end":{"line":209,"column":9}},"type":"if","locations":[{"start":{"line":204,"column":8},"end":{"line":209,"column":9}},{"start":{"line":204,"column":8},"end":{"line":209,"column":9}}],"line":204},"15":{"loc":{"start":{"line":228,"column":4},"end":{"line":228,"column":44}},"type":"if","locations":[{"start":{"line":228,"column":4},"end":{"line":228,"column":44}},{"start":{"line":228,"column":4},"end":{"line":228,"column":44}}],"line":228},"16":{"loc":{"start":{"line":240,"column":31},"end":{"line":240,"column":51}},"type":"default-arg","locations":[{"start":{"line":240,"column":47},"end":{"line":240,"column":51}}],"line":240},"17":{"loc":{"start":{"line":241,"column":4},"end":{"line":241,"column":39}},"type":"if","locations":[{"start":{"line":241,"column":4},"end":{"line":241,"column":39}},{"start":{"line":241,"column":4},"end":{"line":241,"column":39}}],"line":241},"18":{"loc":{"start":{"line":242,"column":4},"end":{"line":245,"column":5}},"type":"if","locations":[{"start":{"line":242,"column":4},"end":{"line":245,"column":5}},{"start":{"line":242,"column":4},"end":{"line":245,"column":5}}],"line":242},"19":{"loc":{"start":{"line":244,"column":6},"end":{"line":244,"column":50}},"type":"if","locations":[{"start":{"line":244,"column":6},"end":{"line":244,"column":50}},{"start":{"line":244,"column":6},"end":{"line":244,"column":50}}],"line":244},"20":{"loc":{"start":{"line":250,"column":4},"end":{"line":251,"column":84}},"type":"if","locations":[{"start":{"line":250,"column":4},"end":{"line":251,"column":84}},{"start":{"line":250,"column":4},"end":{"line":251,"column":84}}],"line":250},"21":{"loc":{"start":{"line":254,"column":4},"end":{"line":256,"column":5}},"type":"if","locations":[{"start":{"line":254,"column":4},"end":{"line":256,"column":5}},{"start":{"line":254,"column":4},"end":{"line":256,"column":5}}],"line":254}},"s":{"0":1,"1":3,"2":3,"3":3,"4":3,"5":3,"6":3,"7":3,"8":4,"9":4,"10":3,"11":4,"12":4,"13":2,"14":2,"15":4,"16":4,"17":4,"18":1,"19":3,"20":0,"21":4,"22":0,"23":4,"24":3,"25":0,"26":4,"27":4,"28":4,"29":4,"30":4,"31":0,"32":4,"33":4,"34":4,"35":4,"36":4,"37":0,"38":4,"39":4,"40":4,"41":4,"42":2,"43":2,"44":4,"45":4,"46":4,"47":4,"48":4,"49":4,"50":6,"51":5,"52":5,"53":5,"54":0,"55":5,"56":5,"57":5,"58":5,"59":5,"60":0,"61":0,"62":0,"63":0,"64":0,"65":5,"66":3,"67":0,"68":3,"69":3,"70":3,"71":3,"72":0,"73":3,"74":3,"75":14,"76":9,"77":3,"78":3,"79":3,"80":3,"81":3,"82":3,"83":8,"84":8,"85":8,"86":8,"87":12,"88":12,"89":12,"90":12,"91":8,"92":8,"93":4,"94":12,"95":12,"96":12,"97":4,"98":4,"99":14,"100":14,"101":7,"102":7,"103":10,"104":2,"105":8,"106":5,"107":5,"108":1,"109":7,"110":7,"111":4,"112":3,"113":7,"114":7,"115":2,"116":5,"117":1},"f":{"0":3,"1":4,"2":4,"3":0,"4":4,"5":4,"6":6,"7":5,"8":3,"9":0,"10":14,"11":9,"12":3,"13":3,"14":8,"15":4,"16":14,"17":10},"b":{"0":[2,2],"1":[4,0],"2":[1,3],"3":[0,4],"4":[4,0],"5":[0,4],"6":[4,2],"7":[2,2],"8":[4,0],"9":[5,0],"10":[5,0],"11":[5,0],"12":[0,0],"13":[0,3],"14":[8,4],"15":[7,7],"16":[5],"17":[2,8],"18":[5,3],"19":[1,4],"20":[4,3],"21":[2,5]},"_coverageSchema":"1a1c01bbd47fc00a2c39e90264f33305004495a9","hash":"b87de4676126d1bb637994929dcf17f89b739268"}
,"/Users/brianseo/Bullet Journal/cse110-sp21-group3/source/src/components/TextEditor/Bullet/BaseBullet.js": {"path":"/Users/brianseo/Bullet Journal/cse110-sp21-group3/source/src/components/TextEditor/Bullet/BaseBullet.js","statementMap":{"0":{"start":{"line":1,"column":20},"end":{"line":1,"column":35}},"1":{"start":{"line":4,"column":4},"end":{"line":4,"column":12}},"2":{"start":{"line":5,"column":4},"end":{"line":5,"column":35}},"3":{"start":{"line":6,"column":4},"end":{"line":6,"column":26}},"4":{"start":{"line":7,"column":4},"end":{"line":7,"column":26}},"5":{"start":{"line":9,"column":4},"end":{"line":9,"column":28}},"6":{"start":{"line":10,"column":4},"end":{"line":10,"column":26}},"7":{"start":{"line":11,"column":4},"end":{"line":11,"column":22}},"8":{"start":{"line":12,"column":4},"end":{"line":12,"column":74}},"9":{"start":{"line":12,"column":27},"end":{"line":12,"column":73}},"10":{"start":{"line":13,"column":4},"end":{"line":13,"column":30}},"11":{"start":{"line":14,"column":4},"end":{"line":14,"column":88}},"12":{"start":{"line":14,"column":35},"end":{"line":14,"column":87}},"13":{"start":{"line":28,"column":4},"end":{"line":28,"column":56}},"14":{"start":{"line":29,"column":4},"end":{"line":32,"column":5}},"15":{"start":{"line":30,"column":6},"end":{"line":30,"column":50}},"16":{"start":{"line":31,"column":6},"end":{"line":31,"column":81}},"17":{"start":{"line":33,"column":4},"end":{"line":33,"column":60}},"18":{"start":{"line":34,"column":4},"end":{"line":34,"column":48}},"19":{"start":{"line":35,"column":4},"end":{"line":35,"column":64}},"20":{"start":{"line":37,"column":4},"end":{"line":37,"column":100}},"21":{"start":{"line":39,"column":4},"end":{"line":39,"column":68}},"22":{"start":{"line":40,"column":4},"end":{"line":40,"column":72}},"23":{"start":{"line":44,"column":4},"end":{"line":44,"column":73}},"24":{"start":{"line":49,"column":4},"end":{"line":49,"column":43}},"25":{"start":{"line":54,"column":4},"end":{"line":54,"column":28}},"26":{"start":{"line":58,"column":4},"end":{"line":58,"column":35}},"27":{"start":{"line":62,"column":4},"end":{"line":62,"column":25}},"28":{"start":{"line":66,"column":4},"end":{"line":66,"column":35}},"29":{"start":{"line":75,"column":4},"end":{"line":75,"column":26}},"30":{"start":{"line":76,"column":4},"end":{"line":76,"column":19}},"31":{"start":{"line":84,"column":4},"end":{"line":84,"column":65}},"32":{"start":{"line":85,"column":4},"end":{"line":85,"column":55}},"33":{"start":{"line":92,"column":23},"end":{"line":92,"column":61}},"34":{"start":{"line":93,"column":4},"end":{"line":93,"column":23}},"35":{"start":{"line":97,"column":23},"end":{"line":97,"column":50}},"36":{"start":{"line":98,"column":4},"end":{"line":98,"column":35}},"37":{"start":{"line":98,"column":28},"end":{"line":98,"column":35}},"38":{"start":{"line":99,"column":4},"end":{"line":99,"column":44}},"39":{"start":{"line":99,"column":37},"end":{"line":99,"column":44}},"40":{"start":{"line":100,"column":4},"end":{"line":100,"column":38}},"41":{"start":{"line":101,"column":4},"end":{"line":101,"column":82}},"42":{"start":{"line":102,"column":4},"end":{"line":102,"column":31}},"43":{"start":{"line":106,"column":22},"end":{"line":106,"column":62}},"44":{"start":{"line":107,"column":4},"end":{"line":113,"column":7}},"45":{"start":{"line":115,"column":4},"end":{"line":115,"column":64}},"46":{"start":{"line":117,"column":4},"end":{"line":117,"column":54}},"47":{"start":{"line":119,"column":4},"end":{"line":119,"column":26}},"48":{"start":{"line":120,"column":4},"end":{"line":120,"column":36}},"49":{"start":{"line":124,"column":25},"end":{"line":124,"column":70}},"50":{"start":{"line":125,"column":4},"end":{"line":128,"column":5}},"51":{"start":{"line":126,"column":6},"end":{"line":126,"column":48}},"52":{"start":{"line":127,"column":6},"end":{"line":127,"column":13}},"53":{"start":{"line":129,"column":4},"end":{"line":129,"column":29}},"54":{"start":{"line":130,"column":4},"end":{"line":130,"column":53}},"55":{"start":{"line":132,"column":30},"end":{"line":132,"column":60}},"56":{"start":{"line":134,"column":4},"end":{"line":139,"column":5}},"57":{"start":{"line":134,"column":41},"end":{"line":134,"column":62}},"58":{"start":{"line":136,"column":6},"end":{"line":138,"column":44}},"59":{"start":{"line":141,"column":4},"end":{"line":141,"column":77}},"60":{"start":{"line":142,"column":4},"end":{"line":142,"column":31}},"61":{"start":{"line":146,"column":23},"end":{"line":146,"column":66}},"62":{"start":{"line":147,"column":24},"end":{"line":147,"column":72}},"63":{"start":{"line":148,"column":4},"end":{"line":151,"column":5}},"64":{"start":{"line":149,"column":6},"end":{"line":149,"column":39}},"65":{"start":{"line":150,"column":6},"end":{"line":150,"column":20}},"66":{"start":{"line":156,"column":4},"end":{"line":172,"column":5}},"67":{"start":{"line":157,"column":6},"end":{"line":157,"column":25}},"68":{"start":{"line":158,"column":6},"end":{"line":158,"column":28}},"69":{"start":{"line":159,"column":11},"end":{"line":172,"column":5}},"70":{"start":{"line":160,"column":6},"end":{"line":160,"column":32}},"71":{"start":{"line":161,"column":11},"end":{"line":172,"column":5}},"72":{"start":{"line":162,"column":6},"end":{"line":162,"column":25}},"73":{"start":{"line":163,"column":6},"end":{"line":163,"column":38}},"74":{"start":{"line":164,"column":11},"end":{"line":172,"column":5}},"75":{"start":{"line":165,"column":25},"end":{"line":165,"column":68}},"76":{"start":{"line":166,"column":6},"end":{"line":166,"column":64}},"77":{"start":{"line":166,"column":31},"end":{"line":166,"column":64}},"78":{"start":{"line":167,"column":11},"end":{"line":172,"column":5}},"79":{"start":{"line":168,"column":25},"end":{"line":168,"column":69}},"80":{"start":{"line":169,"column":6},"end":{"line":169,"column":64}},"81":{"start":{"line":169,"column":31},"end":{"line":169,"column":64}},"82":{"start":{"line":171,"column":6},"end":{"line":171,"column":19}},"83":{"start":{"line":173,"column":4},"end":{"line":173,"column":16}},"84":{"start":{"line":177,"column":4},"end":{"line":184,"column":5}},"85":{"start":{"line":178,"column":6},"end":{"line":178,"column":47}},"86":{"start":{"line":178,"column":35},"end":{"line":178,"column":47}},"87":{"start":{"line":179,"column":6},"end":{"line":179,"column":26}},"88":{"start":{"line":180,"column":11},"end":{"line":184,"column":5}},"89":{"start":{"line":181,"column":6},"end":{"line":181,"column":26}},"90":{"start":{"line":183,"column":6},"end":{"line":183,"column":19}},"91":{"start":{"line":185,"column":4},"end":{"line":185,"column":16}}},"fnMap":{"0":{"name":"(anonymous_0)","decl":{"start":{"line":3,"column":2},"end":{"line":3,"column":3}},"loc":{"start":{"line":3,"column":16},"end":{"line":15,"column":3}},"line":3},"1":{"name":"(anonymous_1)","decl":{"start":{"line":12,"column":21},"end":{"line":12,"column":22}},"loc":{"start":{"line":12,"column":27},"end":{"line":12,"column":73}},"line":12},"2":{"name":"(anonymous_2)","decl":{"start":{"line":14,"column":29},"end":{"line":14,"column":30}},"loc":{"start":{"line":14,"column":35},"end":{"line":14,"column":87}},"line":14},"3":{"name":"(anonymous_3)","decl":{"start":{"line":27,"column":2},"end":{"line":27,"column":3}},"loc":{"start":{"line":27,"column":37},"end":{"line":41,"column":3}},"line":27},"4":{"name":"(anonymous_4)","decl":{"start":{"line":43,"column":2},"end":{"line":43,"column":3}},"loc":{"start":{"line":43,"column":14},"end":{"line":45,"column":3}},"line":43},"5":{"name":"(anonymous_5)","decl":{"start":{"line":48,"column":2},"end":{"line":48,"column":3}},"loc":{"start":{"line":48,"column":32},"end":{"line":50,"column":3}},"line":48},"6":{"name":"(anonymous_6)","decl":{"start":{"line":53,"column":2},"end":{"line":53,"column":3}},"loc":{"start":{"line":53,"column":13},"end":{"line":55,"column":3}},"line":53},"7":{"name":"(anonymous_7)","decl":{"start":{"line":57,"column":2},"end":{"line":57,"column":3}},"loc":{"start":{"line":57,"column":20},"end":{"line":59,"column":3}},"line":57},"8":{"name":"(anonymous_8)","decl":{"start":{"line":61,"column":2},"end":{"line":61,"column":3}},"loc":{"start":{"line":61,"column":16},"end":{"line":63,"column":3}},"line":61},"9":{"name":"(anonymous_9)","decl":{"start":{"line":65,"column":2},"end":{"line":65,"column":3}},"loc":{"start":{"line":65,"column":20},"end":{"line":67,"column":3}},"line":65},"10":{"name":"(anonymous_10)","decl":{"start":{"line":74,"column":2},"end":{"line":74,"column":3}},"loc":{"start":{"line":74,"column":26},"end":{"line":77,"column":3}},"line":74},"11":{"name":"(anonymous_11)","decl":{"start":{"line":83,"column":2},"end":{"line":83,"column":3}},"loc":{"start":{"line":83,"column":27},"end":{"line":86,"column":3}},"line":83},"12":{"name":"(anonymous_12)","decl":{"start":{"line":91,"column":2},"end":{"line":91,"column":3}},"loc":{"start":{"line":91,"column":10},"end":{"line":94,"column":3}},"line":91},"13":{"name":"(anonymous_13)","decl":{"start":{"line":96,"column":2},"end":{"line":96,"column":3}},"loc":{"start":{"line":96,"column":19},"end":{"line":103,"column":3}},"line":96},"14":{"name":"(anonymous_14)","decl":{"start":{"line":105,"column":2},"end":{"line":105,"column":3}},"loc":{"start":{"line":105,"column":17},"end":{"line":121,"column":3}},"line":105},"15":{"name":"(anonymous_15)","decl":{"start":{"line":123,"column":2},"end":{"line":123,"column":3}},"loc":{"start":{"line":123,"column":23},"end":{"line":143,"column":3}},"line":123},"16":{"name":"(anonymous_16)","decl":{"start":{"line":145,"column":2},"end":{"line":145,"column":3}},"loc":{"start":{"line":145,"column":17},"end":{"line":152,"column":3}},"line":145},"17":{"name":"(anonymous_17)","decl":{"start":{"line":155,"column":2},"end":{"line":155,"column":3}},"loc":{"start":{"line":155,"column":25},"end":{"line":174,"column":3}},"line":155},"18":{"name":"(anonymous_18)","decl":{"start":{"line":176,"column":2},"end":{"line":176,"column":3}},"loc":{"start":{"line":176,"column":22},"end":{"line":186,"column":3}},"line":176}},"branchMap":{"0":{"loc":{"start":{"line":29,"column":4},"end":{"line":32,"column":5}},"type":"if","locations":[{"start":{"line":29,"column":4},"end":{"line":32,"column":5}},{"start":{"line":29,"column":4},"end":{"line":32,"column":5}}],"line":29},"1":{"loc":{"start":{"line":37,"column":20},"end":{"line":37,"column":99}},"type":"cond-expr","locations":[{"start":{"line":37,"column":55},"end":{"line":37,"column":80}},{"start":{"line":37,"column":83},"end":{"line":37,"column":99}}],"line":37},"2":{"loc":{"start":{"line":98,"column":4},"end":{"line":98,"column":35}},"type":"if","locations":[{"start":{"line":98,"column":4},"end":{"line":98,"column":35}},{"start":{"line":98,"column":4},"end":{"line":98,"column":35}}],"line":98},"3":{"loc":{"start":{"line":99,"column":4},"end":{"line":99,"column":44}},"type":"if","locations":[{"start":{"line":99,"column":4},"end":{"line":99,"column":44}},{"start":{"line":99,"column":4},"end":{"line":99,"column":44}}],"line":99},"4":{"loc":{"start":{"line":125,"column":4},"end":{"line":128,"column":5}},"type":"if","locations":[{"start":{"line":125,"column":4},"end":{"line":128,"column":5}},{"start":{"line":125,"column":4},"end":{"line":128,"column":5}}],"line":125},"5":{"loc":{"start":{"line":125,"column":8},"end":{"line":125,"column":97}},"type":"binary-expr","locations":[{"start":{"line":125,"column":9},"end":{"line":125,"column":35}},{"start":{"line":125,"column":41},"end":{"line":125,"column":96}}],"line":125},"6":{"loc":{"start":{"line":134,"column":4},"end":{"line":139,"column":5}},"type":"if","locations":[{"start":{"line":134,"column":4},"end":{"line":139,"column":5}},{"start":{"line":134,"column":4},"end":{"line":139,"column":5}}],"line":134},"7":{"loc":{"start":{"line":136,"column":22},"end":{"line":138,"column":43}},"type":"cond-expr","locations":[{"start":{"line":138,"column":10},"end":{"line":138,"column":36}},{"start":{"line":138,"column":39},"end":{"line":138,"column":43}}],"line":136},"8":{"loc":{"start":{"line":148,"column":4},"end":{"line":151,"column":5}},"type":"if","locations":[{"start":{"line":148,"column":4},"end":{"line":151,"column":5}},{"start":{"line":148,"column":4},"end":{"line":151,"column":5}}],"line":148},"9":{"loc":{"start":{"line":156,"column":4},"end":{"line":172,"column":5}},"type":"if","locations":[{"start":{"line":156,"column":4},"end":{"line":172,"column":5}},{"start":{"line":156,"column":4},"end":{"line":172,"column":5}}],"line":156},"10":{"loc":{"start":{"line":156,"column":8},"end":{"line":156,"column":46}},"type":"binary-expr","locations":[{"start":{"line":156,"column":8},"end":{"line":156,"column":22}},{"start":{"line":156,"column":26},"end":{"line":156,"column":46}}],"line":156},"11":{"loc":{"start":{"line":159,"column":11},"end":{"line":172,"column":5}},"type":"if","locations":[{"start":{"line":159,"column":11},"end":{"line":172,"column":5}},{"start":{"line":159,"column":11},"end":{"line":172,"column":5}}],"line":159},"12":{"loc":{"start":{"line":159,"column":15},"end":{"line":159,"column":81}},"type":"binary-expr","locations":[{"start":{"line":159,"column":15},"end":{"line":159,"column":29}},{"start":{"line":159,"column":33},"end":{"line":159,"column":55}},{"start":{"line":159,"column":59},"end":{"line":159,"column":81}}],"line":159},"13":{"loc":{"start":{"line":161,"column":11},"end":{"line":172,"column":5}},"type":"if","locations":[{"start":{"line":161,"column":11},"end":{"line":172,"column":5}},{"start":{"line":161,"column":11},"end":{"line":172,"column":5}}],"line":161},"14":{"loc":{"start":{"line":161,"column":15},"end":{"line":161,"column":79}},"type":"binary-expr","locations":[{"start":{"line":161,"column":15},"end":{"line":161,"column":29}},{"start":{"line":161,"column":33},"end":{"line":161,"column":57}},{"start":{"line":161,"column":61},"end":{"line":161,"column":79}}],"line":161},"15":{"loc":{"start":{"line":164,"column":11},"end":{"line":172,"column":5}},"type":"if","locations":[{"start":{"line":164,"column":11},"end":{"line":172,"column":5}},{"start":{"line":164,"column":11},"end":{"line":172,"column":5}}],"line":164},"16":{"loc":{"start":{"line":166,"column":6},"end":{"line":166,"column":64}},"type":"if","locations":[{"start":{"line":166,"column":6},"end":{"line":166,"column":64}},{"start":{"line":166,"column":6},"end":{"line":166,"column":64}}],"line":166},"17":{"loc":{"start":{"line":167,"column":11},"end":{"line":172,"column":5}},"type":"if","locations":[{"start":{"line":167,"column":11},"end":{"line":172,"column":5}},{"start":{"line":167,"column":11},"end":{"line":172,"column":5}}],"line":167},"18":{"loc":{"start":{"line":169,"column":6},"end":{"line":169,"column":64}},"type":"if","locations":[{"start":{"line":169,"column":6},"end":{"line":169,"column":64}},{"start":{"line":169,"column":6},"end":{"line":169,"column":64}}],"line":169},"19":{"loc":{"start":{"line":177,"column":4},"end":{"line":184,"column":5}},"type":"if","locations":[{"start":{"line":177,"column":4},"end":{"line":184,"column":5}},{"start":{"line":177,"column":4},"end":{"line":184,"column":5}}],"line":177},"20":{"loc":{"start":{"line":177,"column":8},"end":{"line":177,"column":48}},"type":"binary-expr","locations":[{"start":{"line":177,"column":8},"end":{"line":177,"column":22}},{"start":{"line":177,"column":26},"end":{"line":177,"column":48}}],"line":177},"21":{"loc":{"start":{"line":178,"column":6},"end":{"line":178,"column":47}},"type":"if","locations":[{"start":{"line":178,"column":6},"end":{"line":178,"column":47}},{"start":{"line":178,"column":6},"end":{"line":178,"column":47}}],"line":178},"22":{"loc":{"start":{"line":180,"column":11},"end":{"line":184,"column":5}},"type":"if","locations":[{"start":{"line":180,"column":11},"end":{"line":184,"column":5}},{"start":{"line":180,"column":11},"end":{"line":184,"column":5}}],"line":180},"23":{"loc":{"start":{"line":180,"column":15},"end":{"line":180,"column":85}},"type":"binary-expr","locations":[{"start":{"line":180,"column":15},"end":{"line":180,"column":29}},{"start":{"line":180,"column":33},"end":{"line":180,"column":59}},{"start":{"line":180,"column":63},"end":{"line":180,"column":85}}],"line":180}},"s":{"0":1,"1":16,"2":16,"3":16,"4":16,"5":16,"6":16,"7":16,"8":16,"9":0,"10":16,"11":16,"12":0,"13":16,"14":16,"15":0,"16":0,"17":16,"18":16,"19":16,"20":16,"21":16,"22":16,"23":0,"24":21,"25":0,"26":18,"27":0,"28":0,"29":13,"30":13,"31":9,"32":9,"33":13,"34":13,"35":5,"36":5,"37":0,"38":5,"39":0,"40":5,"41":5,"42":5,"43":4,"44":4,"45":4,"46":4,"47":4,"48":4,"49":0,"50":0,"51":0,"52":0,"53":0,"54":0,"55":0,"56":0,"57":0,"58":0,"59":0,"60":0,"61":4,"62":4,"63":4,"64":4,"65":4,"66":0,"67":0,"68":0,"69":0,"70":0,"71":0,"72":0,"73":0,"74":0,"75":0,"76":0,"77":0,"78":0,"79":0,"80":0,"81":0,"82":0,"83":0,"84":0,"85":0,"86":0,"87":0,"88":0,"89":0,"90":0,"91":0},"f":{"0":16,"1":0,"2":0,"3":16,"4":0,"5":21,"6":0,"7":18,"8":0,"9":0,"10":13,"11":9,"12":13,"13":5,"14":4,"15":0,"16":4,"17":0,"18":0},"b":{"0":[0,16],"1":[12,4],"2":[0,5],"3":[0,5],"4":[0,0],"5":[0,0],"6":[0,0],"7":[0,0],"8":[4,0],"9":[0,0],"10":[0,0],"11":[0,0],"12":[0,0,0],"13":[0,0],"14":[0,0,0],"15":[0,0],"16":[0,0],"17":[0,0],"18":[0,0],"19":[0,0],"20":[0,0],"21":[0,0],"22":[0,0],"23":[0,0,0]},"_coverageSchema":"1a1c01bbd47fc00a2c39e90264f33305004495a9","hash":"7a4b7c4db12f6e0b0f4fc77f53df94137ed68497"}
,"/Users/brianseo/Bullet Journal/cse110-sp21-group3/source/src/components/TextEditor/Bullet/SimpleBullet.js": {"path":"/Users/brianseo/Bullet Journal/cse110-sp21-group3/source/src/components/TextEditor/Bullet/SimpleBullet.js","statementMap":{"0":{"start":{"line":3,"column":20},"end":{"line":3,"column":35}},"1":{"start":{"line":4,"column":25},"end":{"line":7,"column":1}},"2":{"start":{"line":8,"column":26},"end":{"line":10,"column":1}},"3":{"start":{"line":13,"column":4},"end":{"line":13,"column":12}},"4":{"start":{"line":14,"column":4},"end":{"line":14,"column":35}},"5":{"start":{"line":15,"column":4},"end":{"line":17,"column":6}},"6":{"start":{"line":18,"column":4},"end":{"line":18,"column":113}},"7":{"start":{"line":19,"column":4},"end":{"line":31,"column":10}},"8":{"start":{"line":33,"column":21},"end":{"line":33,"column":55}},"9":{"start":{"line":34,"column":4},"end":{"line":40,"column":14}},"10":{"start":{"line":42,"column":4},"end":{"line":42,"column":40}},"11":{"start":{"line":43,"column":4},"end":{"line":43,"column":66}},"12":{"start":{"line":45,"column":25},"end":{"line":45,"column":63}},"13":{"start":{"line":47,"column":24},"end":{"line":56,"column":5}},"14":{"start":{"line":57,"column":22},"end":{"line":61,"column":5}},"15":{"start":{"line":58,"column":6},"end":{"line":60,"column":7}},"16":{"start":{"line":59,"column":8},"end":{"line":59,"column":38}},"17":{"start":{"line":63,"column":4},"end":{"line":66,"column":6}},"18":{"start":{"line":64,"column":6},"end":{"line":64,"column":29}},"19":{"start":{"line":65,"column":6},"end":{"line":65,"column":34}},"20":{"start":{"line":67,"column":4},"end":{"line":71,"column":6}},"21":{"start":{"line":68,"column":22},"end":{"line":68,"column":46}},"22":{"start":{"line":69,"column":6},"end":{"line":69,"column":77}},"23":{"start":{"line":69,"column":20},"end":{"line":69,"column":77}},"24":{"start":{"line":70,"column":6},"end":{"line":70,"column":30}},"25":{"start":{"line":75,"column":4},"end":{"line":75,"column":45}},"26":{"start":{"line":76,"column":15},"end":{"line":76,"column":19}},"27":{"start":{"line":78,"column":4},"end":{"line":81,"column":5}},"28":{"start":{"line":79,"column":6},"end":{"line":79,"column":35}},"29":{"start":{"line":80,"column":6},"end":{"line":80,"column":51}},"30":{"start":{"line":82,"column":4},"end":{"line":84,"column":6}},"31":{"start":{"line":85,"column":4},"end":{"line":85,"column":56}},"32":{"start":{"line":86,"column":4},"end":{"line":89,"column":5}},"33":{"start":{"line":87,"column":23},"end":{"line":87,"column":61}},"34":{"start":{"line":88,"column":6},"end":{"line":88,"column":58}},"35":{"start":{"line":93,"column":4},"end":{"line":93,"column":34}},"36":{"start":{"line":98,"column":4},"end":{"line":98,"column":29}},"37":{"start":{"line":99,"column":4},"end":{"line":99,"column":68}},"38":{"start":{"line":104,"column":4},"end":{"line":111,"column":5}},"39":{"start":{"line":106,"column":8},"end":{"line":106,"column":32}},"40":{"start":{"line":107,"column":8},"end":{"line":107,"column":14}},"41":{"start":{"line":110,"column":8},"end":{"line":110,"column":14}},"42":{"start":{"line":112,"column":4},"end":{"line":112,"column":81}},"43":{"start":{"line":116,"column":0},"end":{"line":116,"column":49}}},"fnMap":{"0":{"name":"(anonymous_0)","decl":{"start":{"line":12,"column":2},"end":{"line":12,"column":3}},"loc":{"start":{"line":12,"column":16},"end":{"line":72,"column":3}},"line":12},"1":{"name":"(anonymous_1)","decl":{"start":{"line":57,"column":22},"end":{"line":57,"column":23}},"loc":{"start":{"line":57,"column":38},"end":{"line":61,"column":5}},"line":57},"2":{"name":"(anonymous_2)","decl":{"start":{"line":63,"column":29},"end":{"line":63,"column":30}},"loc":{"start":{"line":63,"column":36},"end":{"line":66,"column":5}},"line":63},"3":{"name":"(anonymous_3)","decl":{"start":{"line":67,"column":27},"end":{"line":67,"column":28}},"loc":{"start":{"line":67,"column":34},"end":{"line":71,"column":5}},"line":67},"4":{"name":"(anonymous_4)","decl":{"start":{"line":74,"column":2},"end":{"line":74,"column":3}},"loc":{"start":{"line":74,"column":37},"end":{"line":90,"column":3}},"line":74},"5":{"name":"(anonymous_5)","decl":{"start":{"line":92,"column":2},"end":{"line":92,"column":3}},"loc":{"start":{"line":92,"column":14},"end":{"line":94,"column":3}},"line":92},"6":{"name":"(anonymous_6)","decl":{"start":{"line":97,"column":2},"end":{"line":97,"column":3}},"loc":{"start":{"line":97,"column":18},"end":{"line":100,"column":3}},"line":97},"7":{"name":"(anonymous_7)","decl":{"start":{"line":103,"column":2},"end":{"line":103,"column":3}},"loc":{"start":{"line":103,"column":35},"end":{"line":113,"column":3}},"line":103}},"branchMap":{"0":{"loc":{"start":{"line":18,"column":41},"end":{"line":18,"column":112}},"type":"cond-expr","locations":[{"start":{"line":18,"column":81},"end":{"line":18,"column":83}},{"start":{"line":18,"column":86},"end":{"line":18,"column":112}}],"line":18},"1":{"loc":{"start":{"line":58,"column":6},"end":{"line":60,"column":7}},"type":"if","locations":[{"start":{"line":58,"column":6},"end":{"line":60,"column":7}},{"start":{"line":58,"column":6},"end":{"line":60,"column":7}}],"line":58},"2":{"loc":{"start":{"line":69,"column":6},"end":{"line":69,"column":77}},"type":"if","locations":[{"start":{"line":69,"column":6},"end":{"line":69,"column":77}},{"start":{"line":69,"column":6},"end":{"line":69,"column":77}}],"line":69},"3":{"loc":{"start":{"line":78,"column":4},"end":{"line":81,"column":5}},"type":"if","locations":[{"start":{"line":78,"column":4},"end":{"line":81,"column":5}},{"start":{"line":78,"column":4},"end":{"line":81,"column":5}}],"line":78},"4":{"loc":{"start":{"line":83,"column":6},"end":{"line":83,"column":92}},"type":"cond-expr","locations":[{"start":{"line":83,"column":24},"end":{"line":83,"column":65}},{"start":{"line":83,"column":68},"end":{"line":83,"column":92}}],"line":83},"5":{"loc":{"start":{"line":86,"column":4},"end":{"line":89,"column":5}},"type":"if","locations":[{"start":{"line":86,"column":4},"end":{"line":89,"column":5}},{"start":{"line":86,"column":4},"end":{"line":89,"column":5}}],"line":86},"6":{"loc":{"start":{"line":104,"column":4},"end":{"line":111,"column":5}},"type":"switch","locations":[{"start":{"line":105,"column":6},"end":{"line":107,"column":14}},{"start":{"line":109,"column":6},"end":{"line":110,"column":14}}],"line":104}},"s":{"0":1,"1":1,"2":1,"3":16,"4":16,"5":16,"6":16,"7":16,"8":16,"9":16,"10":16,"11":16,"12":16,"13":16,"14":16,"15":0,"16":0,"17":16,"18":0,"19":0,"20":16,"21":0,"22":0,"23":0,"24":0,"25":16,"26":16,"27":16,"28":12,"29":12,"30":16,"31":16,"32":16,"33":0,"34":0,"35":4,"36":22,"37":22,"38":6,"39":6,"40":6,"41":0,"42":6,"43":1},"f":{"0":16,"1":0,"2":0,"3":0,"4":16,"5":4,"6":22,"7":6},"b":{"0":[16,0],"1":[0,0],"2":[0,0],"3":[12,4],"4":[4,12],"5":[0,16],"6":[6,0]},"_coverageSchema":"1a1c01bbd47fc00a2c39e90264f33305004495a9","hash":"9ecf23e56c773ff5cf7b3541bc672764ec40e3df"}
}
