TN:
SF:source/src/SumNums.js
FN:1,sumNums
FN:3,(anonymous_1)
FNF:2
FNH:2
FNDA:2,sumNums
FNDA:4,(anonymous_1)
DA:2,2
DA:3,2
DA:4,4
DA:6,2
DA:9,1
LF:5
LH:5
BRF:0
BRH:0
end_of_record
TN:
SF:source/src/components/TextEditor/BulletList.js
FN:8,(anonymous_0)
FN:27,(anonymous_1)
FN:32,(anonymous_2)
FN:51,(anonymous_3)
FN:52,(anonymous_4)
FN:69,(anonymous_5)
FN:91,(anonymous_6)
FN:94,(anonymous_7)
FN:131,(anonymous_8)
FN:132,(anonymous_9)
FN:142,(anonymous_10)
FN:150,(anonymous_11)
FN:160,(anonymous_12)
FN:178,(anonymous_13)
FN:184,(anonymous_14)
FN:213,(anonymous_15)
FN:226,(anonymous_16)
FN:240,(anonymous_17)
FNF:18
FNH:16
FNDA:3,(anonymous_0)
FNDA:4,(anonymous_1)
FNDA:4,(anonymous_2)
FNDA:0,(anonymous_3)
FNDA:4,(anonymous_4)
FNDA:4,(anonymous_5)
FNDA:6,(anonymous_6)
FNDA:5,(anonymous_7)
FNDA:3,(anonymous_8)
FNDA:0,(anonymous_9)
FNDA:14,(anonymous_10)
FNDA:9,(anonymous_11)
FNDA:3,(anonymous_12)
FNDA:3,(anonymous_13)
FNDA:8,(anonymous_14)
FNDA:4,(anonymous_15)
FNDA:14,(anonymous_16)
FNDA:10,(anonymous_17)
DA:6,1
DA:9,3
DA:10,3
DA:11,3
DA:12,3
DA:13,3
DA:19,3
DA:27,3
DA:28,4
DA:29,4
DA:32,3
DA:33,4
DA:36,4
DA:37,2
DA:39,4
DA:41,4
DA:42,4
DA:43,3
DA:45,0
DA:47,4
DA:48,4
DA:50,3
DA:51,0
DA:55,4
DA:57,4
DA:59,4
DA:60,4
DA:61,0
DA:63,4
DA:64,4
DA:66,4
DA:67,4
DA:70,4
DA:74,0
DA:76,4
DA:78,4
DA:79,4
DA:80,4
DA:81,2
DA:82,4
DA:83,4
DA:84,4
DA:87,4
DA:88,4
DA:89,4
DA:92,6
DA:95,5
DA:98,5
DA:99,0
DA:100,5
DA:101,5
DA:104,5
DA:105,5
DA:108,0
DA:109,0
DA:110,0
DA:111,0
DA:115,5
DA:132,3
DA:133,3
DA:134,3
DA:135,3
DA:136,3
DA:138,3
DA:139,3
DA:143,14
DA:151,9
DA:161,3
DA:179,3
DA:181,3
DA:182,3
DA:183,3
DA:184,3
DA:185,8
DA:187,8
DA:188,8
DA:190,8
DA:191,12
DA:192,12
DA:193,12
DA:204,12
DA:205,8
DA:206,8
DA:208,4
DA:210,12
DA:211,12
DA:213,12
DA:214,4
DA:215,4
DA:227,14
DA:228,14
DA:229,7
DA:241,10
DA:242,8
DA:243,5
DA:244,5
DA:247,7
DA:250,7
DA:251,3
DA:252,7
DA:254,7
DA:255,2
DA:258,5
DA:262,1
LF:104
LH:95
BRDA:36,0,0,2
BRDA:36,0,1,2
BRDA:41,1,0,4
BRDA:41,1,1,0
BRDA:42,2,0,1
BRDA:42,2,1,3
BRDA:47,3,0,0
BRDA:47,3,1,4
BRDA:60,4,0,4
BRDA:60,4,1,0
BRDA:70,5,0,0
BRDA:70,5,1,4
BRDA:71,6,0,4
BRDA:71,6,1,2
BRDA:80,7,0,2
BRDA:80,7,1,2
BRDA:83,8,0,4
BRDA:83,8,1,0
BRDA:98,9,0,5
BRDA:98,9,1,0
BRDA:101,10,0,5
BRDA:101,10,1,0
BRDA:104,11,0,5
BRDA:104,11,1,0
BRDA:108,12,0,0
BRDA:108,12,1,0
BRDA:136,13,0,0
BRDA:136,13,1,3
BRDA:204,14,0,8
BRDA:204,14,1,4
BRDA:228,15,0,7
BRDA:228,15,1,7
BRDA:240,16,0,5
BRDA:241,17,0,2
BRDA:241,17,1,8
BRDA:242,18,0,5
BRDA:242,18,1,3
BRDA:244,19,0,1
BRDA:244,19,1,4
BRDA:250,20,0,4
BRDA:250,20,1,3
BRDA:254,21,0,2
BRDA:254,21,1,5
BRF:43
BRH:32
end_of_record
TN:
SF:source/src/components/TextEditor/Bullet/BaseBullet.js
FN:3,(anonymous_0)
FN:12,(anonymous_1)
FN:14,(anonymous_2)
FN:27,(anonymous_3)
FN:43,(anonymous_4)
FN:48,(anonymous_5)
FN:53,(anonymous_6)
FN:57,(anonymous_7)
FN:61,(anonymous_8)
FN:65,(anonymous_9)
FN:74,(anonymous_10)
FN:83,(anonymous_11)
FN:91,(anonymous_12)
FN:96,(anonymous_13)
FN:105,(anonymous_14)
FN:123,(anonymous_15)
FN:145,(anonymous_16)
FN:155,(anonymous_17)
FN:176,(anonymous_18)
FNF:19
FNH:10
FNDA:16,(anonymous_0)
FNDA:0,(anonymous_1)
FNDA:0,(anonymous_2)
FNDA:16,(anonymous_3)
FNDA:0,(anonymous_4)
FNDA:21,(anonymous_5)
FNDA:0,(anonymous_6)
FNDA:18,(anonymous_7)
FNDA:0,(anonymous_8)
FNDA:0,(anonymous_9)
FNDA:13,(anonymous_10)
FNDA:9,(anonymous_11)
FNDA:13,(anonymous_12)
FNDA:5,(anonymous_13)
FNDA:4,(anonymous_14)
FNDA:0,(anonymous_15)
FNDA:4,(anonymous_16)
FNDA:0,(anonymous_17)
FNDA:0,(anonymous_18)
DA:1,1
DA:4,16
DA:5,16
DA:6,16
DA:7,16
DA:9,16
DA:10,16
DA:11,16
DA:12,16
DA:13,16
DA:14,16
DA:28,16
DA:29,16
DA:30,0
DA:31,0
DA:33,16
DA:34,16
DA:35,16
DA:37,16
DA:39,16
DA:40,16
DA:44,0
DA:49,21
DA:54,0
DA:58,18
DA:62,0
DA:66,0
DA:75,13
DA:76,13
DA:84,9
DA:85,9
DA:92,13
DA:93,13
DA:97,5
DA:98,5
DA:99,5
DA:100,5
DA:101,5
DA:102,5
DA:106,4
DA:107,4
DA:115,4
DA:117,4
DA:119,4
DA:120,4
DA:124,0
DA:125,0
DA:126,0
DA:127,0
DA:129,0
DA:130,0
DA:132,0
DA:134,0
DA:136,0
DA:141,0
DA:142,0
DA:146,4
DA:147,4
DA:148,4
DA:149,4
DA:150,4
DA:156,0
DA:157,0
DA:158,0
DA:159,0
DA:160,0
DA:161,0
DA:162,0
DA:163,0
DA:164,0
DA:165,0
DA:166,0
DA:167,0
DA:168,0
DA:169,0
DA:171,0
DA:173,0
DA:177,0
DA:178,0
DA:179,0
DA:180,0
DA:181,0
DA:183,0
DA:185,0
LF:84
LH:44
BRDA:29,0,0,0
BRDA:29,0,1,16
BRDA:37,1,0,12
BRDA:37,1,1,4
BRDA:98,2,0,0
BRDA:98,2,1,5
BRDA:99,3,0,0
BRDA:99,3,1,5
BRDA:125,4,0,0
BRDA:125,4,1,0
BRDA:125,5,0,0
BRDA:125,5,1,0
BRDA:134,6,0,0
BRDA:134,6,1,0
BRDA:136,7,0,0
BRDA:136,7,1,0
BRDA:148,8,0,4
BRDA:148,8,1,0
BRDA:156,9,0,0
BRDA:156,9,1,0
BRDA:156,10,0,0
BRDA:156,10,1,0
BRDA:159,11,0,0
BRDA:159,11,1,0
BRDA:159,12,0,0
BRDA:159,12,1,0
BRDA:159,12,2,0
BRDA:161,13,0,0
BRDA:161,13,1,0
BRDA:161,14,0,0
BRDA:161,14,1,0
BRDA:161,14,2,0
BRDA:164,15,0,0
BRDA:164,15,1,0
BRDA:166,16,0,0
BRDA:166,16,1,0
BRDA:167,17,0,0
BRDA:167,17,1,0
BRDA:169,18,0,0
BRDA:169,18,1,0
BRDA:177,19,0,0
BRDA:177,19,1,0
BRDA:177,20,0,0
BRDA:177,20,1,0
BRDA:178,21,0,0
BRDA:178,21,1,0
BRDA:180,22,0,0
BRDA:180,22,1,0
BRDA:180,23,0,0
BRDA:180,23,1,0
BRDA:180,23,2,0
BRF:51
BRH:6
end_of_record
TN:
SF:source/src/components/TextEditor/Bullet/SimpleBullet.js
FN:12,(anonymous_0)
FN:57,(anonymous_1)
FN:63,(anonymous_2)
FN:67,(anonymous_3)
FN:74,(anonymous_4)
FN:92,(anonymous_5)
FN:97,(anonymous_6)
FN:103,(anonymous_7)
FNF:8
FNH:5
FNDA:16,(anonymous_0)
FNDA:0,(anonymous_1)
FNDA:0,(anonymous_2)
FNDA:0,(anonymous_3)
FNDA:16,(anonymous_4)
FNDA:4,(anonymous_5)
FNDA:22,(anonymous_6)
FNDA:6,(anonymous_7)
DA:3,1
DA:4,1
DA:8,1
DA:13,16
DA:14,16
DA:15,16
DA:18,16
DA:19,16
DA:33,16
DA:34,16
DA:42,16
DA:43,16
DA:45,16
DA:47,16
DA:57,16
DA:58,0
DA:59,0
DA:63,16
DA:64,0
DA:65,0
DA:67,16
DA:68,0
DA:69,0
DA:70,0
DA:75,16
DA:76,16
DA:78,16
DA:79,12
DA:80,12
DA:82,16
DA:85,16
DA:86,16
DA:87,0
DA:88,0
DA:93,4
DA:98,22
DA:99,22
DA:104,6
DA:106,6
DA:107,6
DA:110,0
DA:112,6
DA:116,1
LF:43
LH:33
BRDA:18,0,0,16
BRDA:18,0,1,0
BRDA:58,1,0,0
BRDA:58,1,1,0
BRDA:69,2,0,0
BRDA:69,2,1,0
BRDA:78,3,0,12
BRDA:78,3,1,4
BRDA:83,4,0,4
BRDA:83,4,1,12
BRDA:86,5,0,0
BRDA:86,5,1,16
BRDA:104,6,0,6
BRDA:104,6,1,0
BRF:14
BRH:7
end_of_record
